[handleMsg]:  Message {
  _data: {
    id: {
      fromMe: false,
      remote: '595974107341@c.us',
      id: '7BDF1C33B607163E32C5E3FEDBE3F6BA',
      _serialized: 'false_595974107341@c.us_7BDF1C33B607163E32C5E3FEDBE3F6BA'
    },
    body: 'Hola',
    type: 'chat',
    t: 1686886964,
    notifyName: 'Alejandro Grance',
    from: '595974107341@c.us',
    to: '595986153301@c.us',
    self: 'in',
    ack: 1,
    isNewMsg: true,
    star: false,
    kicNotified: false,
    recvFresh: true,
    isFromTemplate: false,
    pollInvalidated: false,
    isSentCagPollCreation: false,
    latestEditMsgKey: null,
    latestEditSenderTimestampMs: null,
    broadcast: false,
    mentionedJidList: [],
    groupMentions: [],
    isVcardOverMmsDocument: false,
    isForwarded: false,
    hasReaction: false,
    productHeaderImageRejected: false,
    lastPlaybackProgress: 0,
    isDynamicReplyButtonsMsg: false,
    isMdHistoryMsg: false,
    stickerSentTs: 0,
    isAvatar: false,
    requiresDirectConnection: false,
    links: []
  },
  mediaKey: undefined,
  id: {
    fromMe: false,
    remote: '595974107341@c.us',
    id: '7BDF1C33B607163E32C5E3FEDBE3F6BA',
    _serialized: 'false_595974107341@c.us_7BDF1C33B607163E32C5E3FEDBE3F6BA'
  },
  ack: 1,
  hasMedia: false,
  body: 'Hola',
  type: 'chat',
  timestamp: 1686886964,
  from: '595974107341',
  to: '595986153301@c.us',
  author: undefined,
  deviceType: 'android',
  isForwarded: false,
  forwardingScore: 0,
  isStatus: false,
  isStarred: false,
  broadcast: false,
  fromMe: false,
  hasQuotedMsg: false,
  hasReaction: false,
  duration: undefined,
  location: undefined,
  vCards: [],
  inviteV4: undefined,
  mentionedIds: [],
  orderId: undefined,
  token: undefined,
  isGif: false,
  isEphemeral: undefined,
  links: []
}
[handleMsg]:  Message {
  _data: {
    id: {
      fromMe: false,
      remote: '595974107341@c.us',
      id: '754EE39B0CE91204AF3137EB955B326A',
      _serialized: 'false_595974107341@c.us_754EE39B0CE91204AF3137EB955B326A'
    },
    body: 'Equipos',
    type: 'chat',
    t: 1686886986,
    notifyName: 'Alejandro Grance',
    from: '595974107341@c.us',
    to: '595986153301@c.us',
    self: 'in',
    ack: 1,
    isNewMsg: true,
    star: false,
    kicNotified: false,
    recvFresh: true,
    isFromTemplate: false,
    pollInvalidated: false,
    isSentCagPollCreation: false,
    latestEditMsgKey: null,
    latestEditSenderTimestampMs: null,
    broadcast: false,
    mentionedJidList: [],
    groupMentions: [],
    isVcardOverMmsDocument: false,
    isForwarded: false,
    hasReaction: false,
    productHeaderImageRejected: false,
    lastPlaybackProgress: 0,
    isDynamicReplyButtonsMsg: false,
    isMdHistoryMsg: false,
    stickerSentTs: 0,
    isAvatar: false,
    requiresDirectConnection: false,
    links: []
  },
  mediaKey: undefined,
  id: {
    fromMe: false,
    remote: '595974107341@c.us',
    id: '754EE39B0CE91204AF3137EB955B326A',
    _serialized: 'false_595974107341@c.us_754EE39B0CE91204AF3137EB955B326A'
  },
  ack: 1,
  hasMedia: false,
  body: 'Equipos',
  type: 'chat',
  timestamp: 1686886986,
  from: '595974107341',
  to: '595986153301@c.us',
  author: undefined,
  deviceType: 'android',
  isForwarded: false,
  forwardingScore: 0,
  isStatus: false,
  isStarred: false,
  broadcast: false,
  fromMe: false,
  hasQuotedMsg: false,
  hasReaction: false,
  duration: undefined,
  location: undefined,
  vCards: [],
  inviteV4: undefined,
  mentionedIds: [],
  orderId: undefined,
  token: undefined,
  isGif: false,
  isEphemeral: undefined,
  links: []
}
[handleMsg]:  Message {
  _data: {
    id: {
      fromMe: false,
      remote: '595974107341@c.us',
      id: '6018EBDAA03DB9D94E33B64EF24A6CD3',
      _serialized: 'false_595974107341@c.us_6018EBDAA03DB9D94E33B64EF24A6CD3'
    },
    body: '2',
    type: 'chat',
    t: 1686886991,
    notifyName: 'Alejandro Grance',
    from: '595974107341@c.us',
    to: '595986153301@c.us',
    self: 'in',
    ack: 1,
    isNewMsg: true,
    star: false,
    kicNotified: false,
    recvFresh: true,
    isFromTemplate: false,
    pollInvalidated: false,
    isSentCagPollCreation: false,
    latestEditMsgKey: null,
    latestEditSenderTimestampMs: null,
    broadcast: false,
    mentionedJidList: [],
    groupMentions: [],
    isVcardOverMmsDocument: false,
    isForwarded: false,
    hasReaction: false,
    productHeaderImageRejected: false,
    lastPlaybackProgress: 0,
    isDynamicReplyButtonsMsg: false,
    isMdHistoryMsg: false,
    stickerSentTs: 0,
    isAvatar: false,
    requiresDirectConnection: false,
    links: []
  },
  mediaKey: undefined,
  id: {
    fromMe: false,
    remote: '595974107341@c.us',
    id: '6018EBDAA03DB9D94E33B64EF24A6CD3',
    _serialized: 'false_595974107341@c.us_6018EBDAA03DB9D94E33B64EF24A6CD3'
  },
  ack: 1,
  hasMedia: false,
  body: '2',
  type: 'chat',
  timestamp: 1686886991,
  from: '595974107341',
  to: '595986153301@c.us',
  author: undefined,
  deviceType: 'android',
  isForwarded: false,
  forwardingScore: 0,
  isStatus: false,
  isStarred: false,
  broadcast: false,
  fromMe: false,
  hasQuotedMsg: false,
  hasReaction: false,
  duration: undefined,
  location: undefined,
  vCards: [],
  inviteV4: undefined,
  mentionedIds: [],
  orderId: undefined,
  token: undefined,
  isGif: false,
  isEphemeral: undefined,
  links: []
}
[handleMsg]:  Message {
  _data: {
    id: {
      fromMe: false,
      remote: '595974107341@c.us',
      id: '69C12B5967AFB31244310B186B2BFAFD',
      _serialized: 'false_595974107341@c.us_69C12B5967AFB31244310B186B2BFAFD'
    },
    body: 'Hola',
    type: 'chat',
    t: 1686887002,
    notifyName: 'Alejandro Grance',
    from: '595974107341@c.us',
    to: '595986153301@c.us',
    self: 'in',
    ack: 1,
    isNewMsg: true,
    star: false,
    kicNotified: false,
    recvFresh: true,
    isFromTemplate: false,
    pollInvalidated: false,
    isSentCagPollCreation: false,
    latestEditMsgKey: null,
    latestEditSenderTimestampMs: null,
    broadcast: false,
    mentionedJidList: [],
    groupMentions: [],
    isVcardOverMmsDocument: false,
    isForwarded: false,
    hasReaction: false,
    productHeaderImageRejected: false,
    lastPlaybackProgress: 0,
    isDynamicReplyButtonsMsg: false,
    isMdHistoryMsg: false,
    stickerSentTs: 0,
    isAvatar: false,
    requiresDirectConnection: false,
    links: []
  },
  mediaKey: undefined,
  id: {
    fromMe: false,
    remote: '595974107341@c.us',
    id: '69C12B5967AFB31244310B186B2BFAFD',
    _serialized: 'false_595974107341@c.us_69C12B5967AFB31244310B186B2BFAFD'
  },
  ack: 1,
  hasMedia: false,
  body: 'Hola',
  type: 'chat',
  timestamp: 1686887002,
  from: '595974107341',
  to: '595986153301@c.us',
  author: undefined,
  deviceType: 'android',
  isForwarded: false,
  forwardingScore: 0,
  isStatus: false,
  isStarred: false,
  broadcast: false,
  fromMe: false,
  hasQuotedMsg: false,
  hasReaction: false,
  duration: undefined,
  location: undefined,
  vCards: [],
  inviteV4: undefined,
  mentionedIds: [],
  orderId: undefined,
  token: undefined,
  isGif: false,
  isEphemeral: undefined,
  links: []
}
[handleMsg]:  Message {
  _data: {
    id: {
      fromMe: false,
      remote: '595974107341@c.us',
      id: 'F7FF82D588578DE5CFC831F08AE84F35',
      _serialized: 'false_595974107341@c.us_F7FF82D588578DE5CFC831F08AE84F35'
    },
    body: 'Planes',
    type: 'chat',
    t: 1686887007,
    notifyName: 'Alejandro Grance',
    from: '595974107341@c.us',
    to: '595986153301@c.us',
    self: 'in',
    ack: 1,
    isNewMsg: true,
    star: false,
    kicNotified: false,
    recvFresh: true,
    isFromTemplate: false,
    pollInvalidated: false,
    isSentCagPollCreation: false,
    latestEditMsgKey: null,
    latestEditSenderTimestampMs: null,
    broadcast: false,
    mentionedJidList: [],
    groupMentions: [],
    isVcardOverMmsDocument: false,
    isForwarded: false,
    hasReaction: false,
    productHeaderImageRejected: false,
    lastPlaybackProgress: 0,
    isDynamicReplyButtonsMsg: false,
    isMdHistoryMsg: false,
    stickerSentTs: 0,
    isAvatar: false,
    requiresDirectConnection: false,
    links: []
  },
  mediaKey: undefined,
  id: {
    fromMe: false,
    remote: '595974107341@c.us',
    id: 'F7FF82D588578DE5CFC831F08AE84F35',
    _serialized: 'false_595974107341@c.us_F7FF82D588578DE5CFC831F08AE84F35'
  },
  ack: 1,
  hasMedia: false,
  body: 'Planes',
  type: 'chat',
  timestamp: 1686887007,
  from: '595974107341',
  to: '595986153301@c.us',
  author: undefined,
  deviceType: 'android',
  isForwarded: false,
  forwardingScore: 0,
  isStatus: false,
  isStarred: false,
  broadcast: false,
  fromMe: false,
  hasQuotedMsg: false,
  hasReaction: false,
  duration: undefined,
  location: undefined,
  vCards: [],
  inviteV4: undefined,
  mentionedIds: [],
  orderId: undefined,
  token: undefined,
  isGif: false,
  isEphemeral: undefined,
  links: []
}
